2026-06-11T23:33:13.774Z | 6s | working | t me check what's changed since the last run — the pipeline may have progressed.
2026-06-11T23:33:13.776Z | 6s | Running command: null || echo "NOT FOUND" | t me check what's changed since the last run — the pipeline may have progressed.
2026-06-11T23:33:14.285Z | 6s | Running command: null || echo "NOT FOUND" | t me check what's changed since the last run — the pipeline may have progressed.
2026-06-11T23:33:14.770Z | 7s | Running command: null | t me check what's changed since the last run — the pipeline may have progressed.
2026-06-11T23:33:15.143Z | 7s | Running command: health 2>&1 | t me check what's changed since the last run — the pipeline may have progressed.
2026-06-11T23:33:15.657Z | 8s | Running command: null | head -20 | t me check what's changed since the last run — the pipeline may have progressed.
2026-06-11T23:33:21.157Z | 13s | working |  Let me check if any code changes landed in the project repo since the last run.
2026-06-11T23:33:21.158Z | 13s | Running command: null || echo "no changes" |  Let me check if any code changes landed in the project repo since the last run.
2026-06-11T23:33:22.419Z | 14s | Running command: null || echo "no test.yml" |  Let me check if any code changes landed in the project repo since the last run.
2026-06-11T23:33:23.301Z | 15s | Running command: routines-repo && git pull --rebase origin master 2>&1 |  Let me check if any code changes landed in the project repo since the last run.
2026-06-11T23:33:28.281Z | 20s | working | ledges this is a continuation and tightens the guidance to unblock the pipeline.
2026-06-11T23:33:28.282Z | 20s | Running command: evidence | ledges this is a continuation and tightens the guidance to unblock the pipeline.
2026-06-11T23:33:32.689Z | 25s | working | e also do a deeper check of the live API to surface anything new for the review.
2026-06-11T23:33:32.691Z | 25s | Running command: json" -d '{"email":"po-health-check@test.com","password":"TestPass123!","name":"Health Check"}' 2>&1 | head -5 | e also do a deeper check of the live API to surface anything new for the review.
2026-06-11T23:33:33.300Z | 25s | Running command:  2>&1 | e also do a deeper check of the live API to surface anything new for the review.
2026-06-11T23:33:39.149Z | 31s | working |  works end-to-end, web is up. Now let me write the updated PO review and report.
2026-06-11T23:33:39.150Z | 31s | Reading: 1-po-review.md |  works end-to-end, web is up. Now let me write the updated PO review and report.
2026-06-11T23:34:02.651Z | 55s | Writing: 1-po-review.md |  works end-to-end, web is up. Now let me write the updated PO review and report.
2026-06-11T23:34:20.004Z | 1m 12s | working |  up. Now let me write the updated PO review and report.Now write the run report.
2026-06-11T23:34:20.006Z | 1m 12s | Writing: report.md |  up. Now let me write the updated PO review and report.Now write the run report.
2026-06-11T23:34:23.937Z | 1m 16s | working | e the updated PO review and report.Now write the run report.Now commit and push.
2026-06-11T23:34:23.938Z | 1m 16s | Running command: routines-repo && git add -A && git status | e the updated PO review and report.Now write the run report.Now commit and push.
