2026-06-12T00:37:19.956Z | 8s | working | ne has advanced to Iteration 1. Let me gather all context for the new iteration.
2026-06-12T00:37:19.958Z | 8s | Running command: health 2>&1 | ne has advanced to Iteration 1. Let me gather all context for the new iteration.
2026-06-12T00:37:20.694Z | 9s | Running command:  2>&1 | ne has advanced to Iteration 1. Let me gather all context for the new iteration.
2026-06-12T00:37:21.445Z | 10s | Running command: iteration.md | ne has advanced to Iteration 1. Let me gather all context for the new iteration.
2026-06-12T00:37:21.648Z | 10s | Running command: evidence | ne has advanced to Iteration 1. Let me gather all context for the new iteration.
2026-06-12T00:37:25.913Z | 14s | working | , Iteration 0 complete. Now let me read the mandatory documents for Iteration 1.
2026-06-12T00:37:25.914Z | 14s | Running command: null | head -200 | , Iteration 0 complete. Now let me read the mandatory documents for Iteration 1.
2026-06-12T00:37:26.677Z | 15s | Running command: p' | , Iteration 0 complete. Now let me read the mandatory documents for Iteration 1.
2026-06-12T00:37:31.416Z | 20s | working | read the full Iteration 1 details and the master spec's data model/API sections.
2026-06-12T00:37:31.418Z | 20s | Running command: b0zw3fl7r.txt | read the full Iteration 1 details and the master spec's data model/API sections.
2026-06-12T00:37:32.297Z | 20s | Running command: p' | read the full Iteration 1 details and the master spec's data model/API sections.
2026-06-12T00:37:35.367Z | 24s | Reading: bphpqbysf.txt | read the full Iteration 1 details and the master spec's data model/API sections.
2026-06-12T00:37:36.667Z | 25s | Running command: null | read the full Iteration 1 details and the master spec's data model/API sections.
2026-06-12T00:37:40.502Z | 29s | working | tions.Let me read the critical data model and API sections from the master spec.
2026-06-12T00:37:40.504Z | 29s | Running command: AIInstructor-MASTER-SPECIFICATION.md | tions.Let me read the critical data model and API sections from the master spec.
2026-06-12T00:37:41.136Z | 29s | Running command: AIInstructor-MASTER-SPECIFICATION.md | tions.Let me read the critical data model and API sections from the master spec.
2026-06-12T00:37:48.135Z | 36s | working | e current project repo state to understand what's already there for Iteration 1.
2026-06-12T00:37:48.136Z | 36s | Running command: null | e current project repo state to understand what's already there for Iteration 1.
2026-06-12T00:37:48.576Z | 37s | Running command: null | e current project repo state to understand what's already there for Iteration 1.
2026-06-12T00:37:49.116Z | 37s | Running command: null | head -20 | e current project repo state to understand what's already there for Iteration 1.
2026-06-12T00:37:49.655Z | 38s | Running command: null | head -10 | e current project repo state to understand what's already there for Iteration 1.
2026-06-12T00:37:51.007Z | 39s | Running command: null || echo "NOT FOUND" | e current project repo state to understand what's already there for Iteration 1.
2026-06-12T00:37:51.204Z | 39s | Running command: null | grep -n "cognitive\|journey\|discover\|getNextChallenge\|submitOutcomes" | head -10 | e current project repo state to understand what's already there for Iteration 1.
2026-06-12T00:37:55.430Z | 44s | working | Let me check the existing journeyEngine.js for scenario data that can be ported.
2026-06-12T00:37:55.431Z | 44s | Running command: null | Let me check the existing journeyEngine.js for scenario data that can be ported.
2026-06-12T00:37:56.870Z | 45s | Running command: null | head -30 | Let me check the existing journeyEngine.js for scenario data that can be ported.
2026-06-12T00:37:57.518Z | 46s | Running command: null | head -30 | Let me check the existing journeyEngine.js for scenario data that can be ported.
2026-06-12T00:38:01.107Z | 49s | working | check the existing `/api/migrate` endpoint to understand how DB migrations work.
2026-06-12T00:38:01.115Z | 49s | Running command: null | head -40 | check the existing `/api/migrate` endpoint to understand how DB migrations work.
2026-06-12T00:38:04.646Z | 53s | Running command: null | head -50 | check the existing `/api/migrate` endpoint to understand how DB migrations work.
2026-06-12T00:38:09.287Z | 57s | working | string. Now I have complete context. Let me write the PO review for Iteration 1.
2026-06-12T00:38:09.289Z | 57s | Reading: 1-po-review.md | string. Now I have complete context. Let me write the PO review for Iteration 1.
2026-06-12T00:38:09.503Z | 58s | Reading: shared-context.md | string. Now I have complete context. Let me write the PO review for Iteration 1.
2026-06-12T00:38:57.475Z | 1m 46s | working |  outputs: PO review, shared-context update, iteration.md update, and run report.
2026-06-12T00:38:57.553Z | 1m 46s | Writing: 1-po-review.md |  outputs: PO review, shared-context update, iteration.md update, and run report.
2026-06-12T00:39:07.178Z | 1m 55s | working | eration.md update, and run report.Now update shared-context.md and iteration.md.
2026-06-12T00:39:07.210Z | 1m 55s | Editing: shared-context.md | eration.md update, and run report.Now update shared-context.md and iteration.md.
2026-06-12T00:39:13.006Z | 2m 1s | working | .md and iteration.md.Now update iteration.md to mark Iteration 1 as in-progress.
2026-06-12T00:39:13.006Z | 2m 1s | Reading: iteration.md | .md and iteration.md.Now update iteration.md to mark Iteration 1 as in-progress.
2026-06-12T00:39:25.971Z | 2m 14s | Writing: iteration.md | .md and iteration.md.Now update iteration.md to mark Iteration 1 as in-progress.
2026-06-12T00:39:54.481Z | 2m 43s | working | update iteration.md to mark Iteration 1 as in-progress.Now write the run report.
2026-06-12T00:39:54.521Z | 2m 43s | Writing: report.md | update iteration.md to mark Iteration 1 as in-progress.Now write the run report.
2026-06-12T00:40:01.081Z | 2m 49s | working | to mark Iteration 1 as in-progress.Now write the run report.Now commit and push.
2026-06-12T00:40:01.082Z | 2m 49s | Running command: routines-repo && git add -A && git status | to mark Iteration 1 as in-progress.Now write the run report.Now commit and push.
