2026-06-12T10:45:18.848Z | 9s | working | iewer routine now. Let me start by gathering all the pipeline state in parallel.
2026-06-12T10:45:18.851Z | 9s | TaskCreate | iewer routine now. Let me start by gathering all the pipeline state in parallel.
2026-06-12T10:45:28.435Z | 19s | Running command: null | head -30 | iewer routine now. Let me start by gathering all the pipeline state in parallel.
2026-06-12T10:45:29.352Z | 19s | Running command: null | head -80 | iewer routine now. Let me start by gathering all the pipeline state in parallel.
2026-06-12T10:45:30.321Z | 20s | Running command: null | iewer routine now. Let me start by gathering all the pipeline state in parallel.
2026-06-12T10:45:33.956Z | 24s | working | l.Good, repos exist. Now let me read all handoff files and check pipeline state.
2026-06-12T10:45:33.957Z | 24s | Reading: 1-po-review.md | l.Good, repos exist. Now let me read all handoff files and check pipeline state.
2026-06-12T10:45:34.491Z | 25s | Reading: 2-design-plan.md | l.Good, repos exist. Now let me read all handoff files and check pipeline state.
2026-06-12T10:45:34.983Z | 25s | Reading: 3-dev-report.md | l.Good, repos exist. Now let me read all handoff files and check pipeline state.
2026-06-12T10:45:35.397Z | 26s | Reading: 4-test-report.md | l.Good, repos exist. Now let me read all handoff files and check pipeline state.
2026-06-12T10:45:35.828Z | 26s | Reading: reviewer-report.md | l.Good, repos exist. Now let me read all handoff files and check pipeline state.
2026-06-12T10:45:48.044Z | 38s | working | rectly catching it. Let me now do independent verification of the current state.
2026-06-12T10:45:48.048Z | 38s | Running command: routine-team-reviewer && git log --oneline -10 && echo "---BRANCH---" && git branch -a && echo "---STATUS---" && git status --short | rectly catching it. Let me now do independent verification of the current state.
2026-06-12T10:45:50.285Z | 40s | Running command: null | rectly catching it. Let me now do independent verification of the current state.
2026-06-12T10:45:52.367Z | 42s | Running command: health | rectly catching it. Let me now do independent verification of the current state.
2026-06-12T10:45:53.700Z | 44s | Running command | rectly catching it. Let me now do independent verification of the current state.
2026-06-12T10:46:00.005Z | 50s | working | ed new files exist. Let me verify the new endpoints and run tests independently.
2026-06-12T10:46:00.007Z | 50s | Running command: discovery && echo " discovery" | ed new files exist. Let me verify the new endpoints and run tests independently.
2026-06-12T10:46:00.840Z | 51s | Running command: routine-team-reviewer && git log --oneline main..routine-team-ai | ed new files exist. Let me verify the new endpoints and run tests independently.
2026-06-12T10:46:01.651Z | 52s | Running command: routine-team-reviewer && git diff main..routine-team-ai --stat | ed new files exist. Let me verify the new endpoints and run tests independently.
2026-06-12T10:46:04.625Z | 55s | Running command: routine-team-reviewer && git log --oneline main..routine-team-ai 2>&1 | ed new files exist. Let me verify the new endpoints and run tests independently.
2026-06-12T10:46:05.805Z | 56s | Running command:  -v --tb=short 2>&1 | ed new files exist. Let me verify the new endpoints and run tests independently.
2026-06-12T10:46:06.587Z | 57s | Running command: routine-team-reviewer && npx vitest run 2>&1 | ed new files exist. Let me verify the new endpoints and run tests independently.
2026-06-12T10:46:20.237Z | 1m 10s | Running command:  -v --tb=short 2>&1 | ed new files exist. Let me verify the new endpoints and run tests independently.
2026-06-12T10:46:21.380Z | 1m 11s | Running command: routine-team-reviewer && git log --oneline main 2>&1 | head -5 && echo "---" && git log --oneline routine-team-ai 2>&1 | head -5 | ed new files exist. Let me verify the new endpoints and run tests independently.
2026-06-12T10:46:22.264Z | 1m 12s | Running command: routine-team-reviewer && git rev-parse main && git rev-parse routine-team-ai | ed new files exist. Let me verify the new endpoints and run tests independently.
2026-06-12T10:46:34.885Z | 1m 25s | working |  endpoints all 404. Let me check handoff timestamps and the routines repo state.
2026-06-12T10:46:34.922Z | 1m 25s | Running command: *.md |  endpoints all 404. Let me check handoff timestamps and the routines repo state.
2026-06-12T10:46:35.757Z | 1m 26s | Running command: routines-repo && git log --oneline -5 && echo "---STATUS---" && git status --short |  endpoints all 404. Let me check handoff timestamps and the routines repo state.
2026-06-12T10:46:37.103Z | 1m 27s | Running command: null || echo "Run dir not yet created" |  endpoints all 404. Let me check handoff timestamps and the routines repo state.
2026-06-12T10:47:16.191Z | 2m 6s | working | d. Now I have the full picture. Let me write the reviewer report and run report.
2026-06-12T10:47:16.235Z | 2m 6s | Writing: reviewer-report.md | d. Now I have the full picture. Let me write the reviewer report and run report.
2026-06-12T10:47:19.391Z | 2m 9s | working |  the reviewer report and run report.Now write the run report and evidence files.
2026-06-12T10:47:19.392Z | 2m 9s | Running command: evidence |  the reviewer report and run report.Now write the run report and evidence files.
2026-06-12T10:47:46.460Z | 2m 37s | Writing: report.md |  the reviewer report and run report.Now write the run report and evidence files.
2026-06-12T10:47:50.696Z | 2m 41s | working |  run report.Now write the run report and evidence files.Now save evidence files.
2026-06-12T10:47:50.753Z | 2m 41s | Running command: pytest-output.txt 2>&1; echo "EXIT: $?" |  run report.Now write the run report and evidence files.Now save evidence files.
2026-06-12T10:47:51.927Z | 2m 42s | Running command: vitest-output.txt 2>&1; echo "EXIT: $?" |  run report.Now write the run report and evidence files.Now save evidence files.
2026-06-12T10:47:57.523Z | 2m 48s | Running command: api-health.txt 2>&1 |  run report.Now write the run report and evidence files.Now save evidence files.
2026-06-12T10:48:01.526Z | 2m 52s | Running command: git-log.txt |  run report.Now write the run report and evidence files.Now save evidence files.
2026-06-12T10:48:09.949Z | 3m 0s | working | iles.Now save evidence files.All evidence saved. Now commit and push both repos.
2026-06-12T10:48:09.950Z | 3m 0s | Running command: routine-team-reviewer && git status --short 2>&1 | iles.Now save evidence files.All evidence saved. Now commit and push both repos.
2026-06-12T10:48:10.578Z | 3m 1s | Running command: routines-repo && git status --short 2>&1 | iles.Now save evidence files.All evidence saved. Now commit and push both repos.
2026-06-12T10:48:17.798Z | 3m 8s | Running command: 10) independently — no regressions
- Verified 3 new API endpoints all return 404 — not built
- Confirmed branches identical at 0c9130e — nothing to merge
- Developer claimed commit 1fd64f0 — does not exist
- All 11 code verification checks failed
- Tester findings validated
- Evidence: pytest output, vitest output, API health, git state" 2>&1 | iles.Now save evidence files.All evidence saved. Now commit and push both repos.
