2026-06-12T09:25:13.982Z | 25s | working | t me check if anything has changed with deployment and assess the current state.
2026-06-12T09:25:13.984Z | 25s | Running command: health 2>&1 | t me check if anything has changed with deployment and assess the current state.
2026-06-12T09:25:15.239Z | 26s | Running command: json" -d '{}' 2>&1 | t me check if anything has changed with deployment and assess the current state.
2026-06-12T09:25:18.064Z | 29s | Running command: stdin','utf8')); const paths=Object.keys(d.paths).sort(); console.log('Total endpoints:', paths.length); paths.filter(p=>p.includes('cognitive')||p.includes('journey')).forEach(p=>console.log(p))" 2>&1 | t me check if anything has changed with deployment and assess the current state.
2026-06-12T09:25:18.685Z | 29s | Running command: routines-repo && git pull --rebase origin master 2>&1 | t me check if anything has changed with deployment and assess the current state.
2026-06-12T09:25:48.758Z | 59s | working | th errors instead of 404! Let me verify everything and do the full gap analysis.
2026-06-12T09:25:48.759Z | 59s | Running command: json" -d '{}' 2>&1 | th errors instead of 404! Let me verify everything and do the full gap analysis.
2026-06-12T09:25:51.416Z | 1m 2s | Running command: stdin','utf8')); Object.keys(d.paths).sort().forEach(p=>{Object.keys(d.paths[p]).forEach(m=>{if(['get','post','put','delete','patch'].includes(m))console.log(m.toUpperCase().padEnd(7),p)})})" | th errors instead of 404! Let me verify everything and do the full gap analysis.
2026-06-12T09:25:55.018Z | 1m 6s | Running command: discover 2>&1 | th errors instead of 404! Let me verify everything and do the full gap analysis.
2026-06-12T09:25:56.061Z | 1m 7s | Running command: evidence | th errors instead of 404! Let me verify everything and do the full gap analysis.
2026-06-12T09:26:33.724Z | 1m 44s | working | 4 new). Let me now do a live end-to-end smoke test of the full Iteration 1 flow.
2026-06-12T09:26:33.762Z | 1m 44s | Running command: stdin','utf8'));if(d.error){console.log('ERROR:',d.error)}else{console.log('Profile updated:',Object.keys(d.profile?.dimensions||{}).length,'dims');console.log('Reflection:',d.reflection?.message?.substring(0,80)||'none');console.log('Law3 flags:',JSON.stringify(d.reflection?.law3_flags||[]))}" 2>&1

  echo "=== ALL STEPS PASSED ==="
else
  echo "SIGNUP FAILED - cannot continue"
fi | 4 new). Let me now do a live end-to-end smoke test of the full Iteration 1 flow.
2026-06-12T09:27:05.909Z | 2m 17s | working |  me save this evidence and do a second journey loop to verify the feedback loop.
2026-06-12T09:27:05.911Z | 2m 17s | Running command: production-e2e.txt |  me save this evidence and do a second journey loop to verify the feedback loop.
2026-06-12T09:27:13.064Z | 2m 24s | working |  do the proper gap analysis against the master spec to determine the next chunk.
2026-06-12T09:27:13.065Z | 2m 24s | Reading: shared-context.md |  do the proper gap analysis against the master spec to determine the next chunk.
2026-06-12T09:29:02.424Z | 4m 13s | working | ne the next chunk.Now I have the complete picture. Let me write all the outputs.
2026-06-12T09:29:02.441Z | 4m 13s | Writing: 1-po-review.md | ne the next chunk.Now I have the complete picture. Let me write all the outputs.
2026-06-12T09:29:34.828Z | 4m 46s | working | ared-context.md to reflect the deployment being done and accurate current state.
2026-06-12T09:29:34.831Z | 4m 46s | Editing: shared-context.md | ared-context.md to reflect the deployment being done and accurate current state.
2026-06-12T09:30:25.355Z | 5m 36s | working | t the deployment being done and accurate current state.Now write the run report.
2026-06-12T09:30:25.398Z | 5m 36s | Writing: report.md | t the deployment being done and accurate current state.Now write the run report.
2026-06-12T09:30:29.854Z | 5m 41s | working | ng done and accurate current state.Now write the run report.Now commit and push.
2026-06-12T09:30:29.855Z | 5m 41s | Running command: routines-repo && git add -A && git status | ng done and accurate current state.Now write the run report.Now commit and push.
