2026-06-12T10:18:33.237Z | 6s | working |  Reviewer routine now. Let me start by gathering all pipeline state in parallel.
2026-06-12T10:18:33.240Z | 6s | Running command: null && echo "---HANDOFF EXISTS---" || echo "---NO HANDOFF DIR---" |  Reviewer routine now. Let me start by gathering all pipeline state in parallel.
2026-06-12T10:18:33.904Z | 7s | Running command: null && echo "---REPO EXISTS---" || echo "---NO REPO---" |  Reviewer routine now. Let me start by gathering all pipeline state in parallel.
2026-06-12T10:18:34.412Z | 8s | Running command: null && echo "---ROUTINES REPO EXISTS---" || echo "---NO ROUTINES REPO---" |  Reviewer routine now. Let me start by gathering all pipeline state in parallel.
2026-06-12T10:18:38.176Z | 11s | working | ndoffs exist. Now let me read all handoff files and the master spec in parallel.
2026-06-12T10:18:38.201Z | 11s | Reading: 1-po-review.md | ndoffs exist. Now let me read all handoff files and the master spec in parallel.
2026-06-12T10:18:38.373Z | 12s | Reading: 2-design-plan.md | ndoffs exist. Now let me read all handoff files and the master spec in parallel.
2026-06-12T10:18:38.654Z | 12s | Reading: 3-dev-report.md | ndoffs exist. Now let me read all handoff files and the master spec in parallel.
2026-06-12T10:18:39.114Z | 12s | Reading: 4-test-report.md | ndoffs exist. Now let me read all handoff files and the master spec in parallel.
2026-06-12T10:18:39.153Z | 12s | Reading: reviewer-report.md | ndoffs exist. Now let me read all handoff files and the master spec in parallel.
2026-06-12T10:18:43.200Z | 16s | working | IL. Let me now do my own independent verification and write the reviewer report.
2026-06-12T10:18:43.201Z | 16s | TaskCreate | IL. Let me now do my own independent verification and write the reviewer report.
2026-06-12T10:18:43.803Z | 17s | TaskCreate | IL. Let me now do my own independent verification and write the reviewer report.
2026-06-12T10:18:44.374Z | 18s | TaskCreate | IL. Let me now do my own independent verification and write the reviewer report.
2026-06-12T10:18:45.022Z | 18s | TaskCreate | IL. Let me now do my own independent verification and write the reviewer report.
2026-06-12T10:19:01.592Z | 35s | working | eeding directly. Let me verify the core claim — that the dev produced zero code.
2026-06-12T10:19:01.594Z | 35s | Running command: routine-team-reviewer && git log --all --oneline -10 | eeding directly. Let me verify the core claim — that the dev produced zero code.
2026-06-12T10:19:01.819Z | 35s | Running command: routine-team-reviewer && git branch -a | eeding directly. Let me verify the core claim — that the dev produced zero code.
2026-06-12T10:19:02.545Z | 36s | Running command: null | head -20 | eeding directly. Let me verify the core claim — that the dev produced zero code.
2026-06-12T10:19:05.895Z | 39s | working | c.) exist. Let me verify the claimed modified files are unchanged and run tests.
2026-06-12T10:19:05.897Z | 39s | Running command: agent.py | head -5 | c.) exist. Let me verify the claimed modified files are unchanged and run tests.
2026-06-12T10:19:06.258Z | 39s | Running command | c.) exist. Let me verify the claimed modified files are unchanged and run tests.
2026-06-12T10:19:07.217Z | 40s | Running command: null || echo "0 matches" | c.) exist. Let me verify the claimed modified files are unchanged and run tests.
2026-06-12T10:19:12.047Z | 45s | Running command: agent.py | c.) exist. Let me verify the claimed modified files are unchanged and run tests.
2026-06-12T10:19:12.547Z | 46s | Running command:  -v --tb=short 2>&1 | tail -60 | c.) exist. Let me verify the claimed modified files are unchanged and run tests.
2026-06-12T10:19:15.043Z | 48s | Running command:  -v --tb=short 2>&1 | tail -60 | c.) exist. Let me verify the claimed modified files are unchanged and run tests.
2026-06-12T10:19:16.163Z | 49s | Running command: routine-team-reviewer && npx vitest run 2>&1 | tail -30 | c.) exist. Let me verify the claimed modified files are unchanged and run tests.
2026-06-12T10:19:16.233Z | 49s | Running command: health 2>&1 | c.) exist. Let me verify the claimed modified files are unchanged and run tests.
2026-06-12T10:19:27.451Z | 1m 1s | working | . Let me install deps and check production endpoints, then read the master spec.
2026-06-12T10:19:27.453Z | 1m 1s | Running command: routine-team-reviewer && npm install 2>&1 | tail -5 | . Let me install deps and check production endpoints, then read the master spec.
2026-06-12T10:19:28.165Z | 1m 1s | Running command: summary 2>&1 | . Let me install deps and check production endpoints, then read the master spec.
2026-06-12T10:19:28.821Z | 1m 2s | Running command: stage 2>&1 | . Let me install deps and check production endpoints, then read the master spec.
2026-06-12T10:19:29.431Z | 1m 3s | Running command: discovery 2>&1 | . Let me install deps and check production endpoints, then read the master spec.
2026-06-12T10:19:30.021Z | 1m 3s | Running command: null -w "%{http_code}" 2>&1 | . Let me install deps and check production endpoints, then read the master spec.
2026-06-12T10:19:36.170Z | 1m 9s | Running command: routine-team-reviewer && npx vitest run 2>&1 | tail -30 | . Let me install deps and check production endpoints, then read the master spec.
2026-06-12T10:19:36.721Z | 1m 10s | Running command: null | head -5 | . Let me install deps and check production endpoints, then read the master spec.
2026-06-12T10:19:37.368Z | 1m 11s | Running command: null | tail -5 | . Let me install deps and check production endpoints, then read the master spec.
2026-06-12T10:19:43.568Z | 1m 17s | Running command: routine-team-reviewer && cat package.json | . Let me install deps and check production endpoints, then read the master spec.
2026-06-12T10:19:44.097Z | 1m 17s | Running command: null | head -3 | . Let me install deps and check production endpoints, then read the master spec.
2026-06-12T10:19:48.933Z | 1m 22s | Running command: routine-team-reviewer && npm install --include=dev 2>&1 | tail -10 | . Let me install deps and check production endpoints, then read the master spec.
2026-06-12T10:20:13.486Z | 1m 47s | Running command: routine-team-reviewer && npx vitest run 2>&1 | tail -25 | . Let me install deps and check production endpoints, then read the master spec.
2026-06-12T10:20:28.839Z | 2m 2s | working | Now let me verify the key source files haven't changed and check the E2E script.
2026-06-12T10:20:28.875Z | 2m 2s | Running command: agent.py | Now let me verify the key source files haven't changed and check the E2E script.
2026-06-12T10:20:28.912Z | 2m 2s | Running command: handler.py | Now let me verify the key source files haven't changed and check the E2E script.
2026-06-12T10:20:29.206Z | 2m 2s | Running command: main.py | Now let me verify the key source files haven't changed and check the E2E script.
2026-06-12T10:20:29.602Z | 2m 3s | Running command | Now let me verify the key source files haven't changed and check the E2E script.
2026-06-12T10:20:35.198Z | 2m 8s | working |  check runs directories and verify what the last test report wrote for evidence.
2026-06-12T10:20:35.200Z | 2m 8s | Running command: null |  check runs directories and verify what the last test report wrote for evidence.
2026-06-12T10:20:35.684Z | 2m 9s | Running command: null |  check runs directories and verify what the last test report wrote for evidence.
2026-06-12T10:20:36.322Z | 2m 9s | Running command: date -u +"%Y-%m-%dT%H:%M:%SZ" |  check runs directories and verify what the last test report wrote for evidence.
2026-06-12T10:20:44.975Z | 2m 18s | working |  I have everything. Let me create the output directories and write both reports.
2026-06-12T10:20:44.977Z | 2m 18s | Running command: handoff |  I have everything. Let me create the output directories and write both reports.
2026-06-12T10:20:47.791Z | 2m 21s | Running command: pytest-results.txt && echo "pytest captured" |  I have everything. Let me create the output directories and write both reports.
2026-06-12T10:20:48.539Z | 2m 22s | Running command: vitest-results.txt && echo "vitest captured" |  I have everything. Let me create the output directories and write both reports.
2026-06-12T10:21:09.636Z | 2m 43s | Running command: api-discovery-endpoint.txt 2>&1
echo "Evidence captured" |  I have everything. Let me create the output directories and write both reports.
2026-06-12T10:21:12.292Z | 2m 45s | Running command: git-log.txt
echo "Git evidence captured" |  I have everything. Let me create the output directories and write both reports.
2026-06-12T10:21:41.012Z | 3m 14s | working |  output directories and write both reports.Now let me write the reviewer report:
2026-06-12T10:21:41.056Z | 3m 14s | Writing: reviewer-report.md |  output directories and write both reports.Now let me write the reviewer report:
2026-06-12T10:22:01.477Z | 3m 35s | working | rite both reports.Now let me write the reviewer report:Now write the run report:
2026-06-12T10:22:01.523Z | 3m 35s | Writing: report.md | rite both reports.Now let me write the reviewer report:Now write the run report:
2026-06-12T10:22:05.433Z | 3m 39s | working | ite the reviewer report:Now write the run report:Now commit and push both repos.
2026-06-12T10:22:05.492Z | 3m 39s | Running command: routine-team-reviewer && git status --short 2>&1 | ite the reviewer report:Now write the run report:Now commit and push both repos.
2026-06-12T10:22:05.778Z | 3m 39s | Running command: routines-repo && git status --short 2>&1 | ite the reviewer report:Now write the run report:Now commit and push both repos.
2026-06-12T10:22:14.155Z | 3m 47s | working | hanges to make). Routines repo has the reviewer outputs. Let me commit and push.
2026-06-12T10:22:14.156Z | 3m 47s | Running command:  && git commit -m "reviewer: pipeline broken — dev report fictitious, zero code produced, all 37 ACs unmet

- Independent verification: 44 pytest + 10 vitest pass (unchanged)
- 3 new endpoints return 404 (not built)
- No new files exist (policy.py, ingestion.py, test files all missing)
- Commit 062d6fd does not exist, latest is 0c9130e
- Merge decision: NO MERGE — nothing to merge
- Recommendation: Developer must re-run Agent Intelligence chunk from scratch" 2>&1 | hanges to make). Routines repo has the reviewer outputs. Let me commit and push.
