2026-06-11T23:25:20.368Z | 6s | working | I'll start by gathering all the necessary context in parallel.
2026-06-11T23:25:20.370Z | 6s | Running command: null || echo "NOT FOUND" | I'll start by gathering all the necessary context in parallel.
2026-06-11T23:25:20.480Z | 6s | Running command: null || echo "NOT FOUND" | I'll start by gathering all the necessary context in parallel.
2026-06-11T23:25:20.803Z | 6s | Running command: null || echo "NOT FOUND" | I'll start by gathering all the necessary context in parallel.
2026-06-11T23:25:21.501Z | 7s | Running command: health 2>&1 | I'll start by gathering all the necessary context in parallel.
2026-06-11T23:25:22.125Z | 8s | Running command: null || echo "NOT FOUND" | I'll start by gathering all the necessary context in parallel.
2026-06-11T23:25:25.983Z | 12s | working | ementation plan to understand Iteration 0 and 1 goals, and check the repo state.
2026-06-11T23:25:25.984Z | 12s | Running command: null || echo "REPO NOT FOUND" | ementation plan to understand Iteration 0 and 1 goals, and check the repo state.
2026-06-11T23:25:26.056Z | 12s | Running command: null | ementation plan to understand Iteration 0 and 1 goals, and check the repo state.
2026-06-11T23:25:26.337Z | 12s | Running command: evidence | ementation plan to understand Iteration 0 and 1 goals, and check the repo state.
2026-06-11T23:25:29.192Z | 15s | working | .Let me read the implementation plan and check the existing test infrastructure.
2026-06-11T23:25:29.193Z | 15s | Running command: null | head -300 | .Let me read the implementation plan and check the existing test infrastructure.
2026-06-11T23:25:29.572Z | 15s | Running command: null | .Let me read the implementation plan and check the existing test infrastructure.
2026-06-11T23:25:30.746Z | 16s | Running command: curriculum 2>&1 | head -100 | .Let me read the implementation plan and check the existing test infrastructure.
2026-06-11T23:25:31.497Z | 17s | Running command: null | .Let me read the implementation plan and check the existing test infrastructure.
2026-06-11T23:25:36.539Z | 22s | working |  21 E2E tests are **false**. Let me verify the actual repo state and web health.
2026-06-11T23:25:36.576Z | 22s | Running command |  21 E2E tests are **false**. Let me verify the actual repo state and web health.
2026-06-11T23:25:37.604Z | 23s | Running command: null |  21 E2E tests are **false**. Let me verify the actual repo state and web health.
2026-06-11T23:25:38.228Z | 24s | Running command: null | head -50 |  21 E2E tests are **false**. Let me verify the actual repo state and web health.
2026-06-11T23:25:38.810Z | 24s | Running command:  2>&1 |  21 E2E tests are **false**. Let me verify the actual repo state and web health.
2026-06-11T23:25:39.575Z | 25s | Running command: null |  21 E2E tests are **false**. Let me verify the actual repo state and web health.
2026-06-11T23:25:40.389Z | 26s | Running command: null | head -20 |  21 E2E tests are **false**. Let me verify the actual repo state and web health.
2026-06-11T23:25:43.611Z | 29s | working | ints more thoroughly and verify the implementation plan details for Iteration 1.
2026-06-11T23:25:43.612Z | 29s | Running command: docs 2>&1 | head -5 | ints more thoroughly and verify the implementation plan details for Iteration 1.
2026-06-11T23:25:44.759Z | 30s | Running command: p' | head -150 | ints more thoroughly and verify the implementation plan details for Iteration 1.
2026-06-11T23:25:45.173Z | 31s | Running command: null | head -30 | ints more thoroughly and verify the implementation plan details for Iteration 1.
2026-06-11T23:25:45.878Z | 31s | Running command: null | ints more thoroughly and verify the implementation plan details for Iteration 1.
2026-06-11T23:25:50.838Z | 36s | working |  for Iteration 1.Now let me get the API endpoints list and check one more thing.
2026-06-11T23:25:50.840Z | 36s | Running command: null |  for Iteration 1.Now let me get the API endpoints list and check one more thing.
2026-06-11T23:25:51.362Z | 37s | Running command: null |  for Iteration 1.Now let me get the API endpoints list and check one more thing.
2026-06-11T23:25:54.952Z | 41s | Running command: stdin','utf8')); Object.keys(d.paths).sort().forEach(p=>{Object.keys(d.paths[p]).forEach(m=>{if(['get','post','put','delete','patch'].includes(m))console.log(m.toUpperCase().padEnd(7),p)})})" |  for Iteration 1.Now let me get the API endpoints list and check one more thing.
2026-06-11T23:25:58.755Z | 44s | working | cture. Let me pull the latest from the routines repo and then write the outputs.
2026-06-11T23:25:58.756Z | 44s | Running command: routines-repo && git pull --rebase origin master 2>&1 | cture. Let me pull the latest from the routines repo and then write the outputs.
2026-06-11T23:26:28.687Z | 1m 14s | working | w writing the three deliverables: PO review, run report, and shared-context fix.
2026-06-11T23:26:28.724Z | 1m 14s | Writing: 1-po-review.md | w writing the three deliverables: PO review, run report, and shared-context fix.
2026-06-11T23:26:35.825Z | 1m 21s | Writing: shared-context.md | w writing the three deliverables: PO review, run report, and shared-context fix.
2026-06-11T23:26:42.221Z | 1m 28s | Writing: iteration.md | w writing the three deliverables: PO review, run report, and shared-context fix.
2026-06-11T23:26:56.655Z | 1m 42s | Writing: report.md | w writing the three deliverables: PO review, run report, and shared-context fix.
2026-06-11T23:26:59.097Z | 1m 45s | working |  and shared-context fix.Need to read the existing files before overwriting them.
2026-06-11T23:26:59.098Z | 1m 45s | Reading: shared-context.md |  and shared-context fix.Need to read the existing files before overwriting them.
2026-06-11T23:26:59.195Z | 1m 45s | Reading: iteration.md |  and shared-context fix.Need to read the existing files before overwriting them.
2026-06-11T23:27:06.739Z | 1m 52s | working |  partially corrected. Let me update them with the additional details I gathered.
2026-06-11T23:27:06.787Z | 1m 52s | Editing: shared-context.md |  partially corrected. Let me update them with the additional details I gathered.
2026-06-11T23:27:11.796Z | 1m 57s | Editing: iteration.md |  partially corrected. Let me update them with the additional details I gathered.
2026-06-11T23:27:14.679Z | 2m 0s | working | l details I gathered.Now let me commit and push everything to the routines repo.
2026-06-11T23:27:14.679Z | 2m 0s | Running command: routines-repo && git add -A && git status | l details I gathered.Now let me commit and push everything to the routines repo.
