=== Reviewer Independent Production E2E Verification ===
Date: 2026-06-12T13:54Z

--- SITE HEALTH ---
API: {"status":"ok","timestamp":"2026-06-12T13:54:13.921779","runtime":"python"} (200 OK)
Web: 200 OK

--- PYTEST (LOCAL) ---
90 passed, 93 warnings in 0.95s — zero failures, zero regressions

--- PRODUCTION E2E LOOP ---
Step 1: Signup → 200 OK, token received
Step 2: POST /api/journey/discovery (8 responses) → 200 OK
  Profile: 8 dims initialized, stage=discovery
Step 3: POST /api/journey/next → 200 OK ✅ (WAS 500, NOW FIXED)
  mode=explore, depth=adapt
  target_dimensions=['analytical']
  agent_prompt_id=92557708-cd48-4cd9-bbd4-38745c77c14a
  3 cards: concept, question, summary
Step 4: POST /api/journey/outcomes → 200 OK
  Profile updated, reflection generated
  law3_flags=[], preserve_messages=[], owned=['analytical']
Step 5: POST /api/journey/next (2nd) → 200 OK
  mode=explore, depth=adapt, DIFFERENT agent_prompt_id ✅
Step 6: GET /api/journey/stage → stage=growth ✅
Step 7: GET /api/cognitive/summary → 0 strengths, 0 weaknesses, 8 uncertain

--- LAW 3 ENFORCEMENT ---
Setup: Boosted creative from 0.5 → 0.65 (5 rounds of without_ai)
Law 3 trigger: full_outsource on creative (score=0.65 > 0.6 threshold)
  ✅ law3_flags: ['creative']
  ✅ preserve_messages: ["You're great at Creative Thinking — don't outsource your superpower!"]
  ⚠️ Score change: 0.65 → 0.64 = -0.01 (spec E.5 says -0.02, P1 bug)
  ✅ Next challenge targets 'creative' (preserve mode per E.5)

--- DEPTH SELECTION ---
Score 0.5 → depth=adapt ✅ (spec E.3: 0.3–0.6 range)

--- BRANCHES ---
routine-team-ai and main: identical (0 commits divergence)

--- DEPLOYMENT ---
GitHub Actions run 27418818774: completed success
Image tag: 4af5fbe7a2d185bb3b6be79acaad9dbe63c870aa
Migration: HTTP 200
