2026-06-12T13:53:46.440Z | 7s | working | Starting the Reviewer routine. Let me gather all pipeline state in parallel.
2026-06-12T13:53:46.441Z | 7s | Running command: null | Starting the Reviewer routine. Let me gather all pipeline state in parallel.
2026-06-12T13:53:50.918Z | 11s | Reading: 1-po-review.md | Starting the Reviewer routine. Let me gather all pipeline state in parallel.
2026-06-12T13:53:54.134Z | 14s | Reading: 2-design-plan.md | Starting the Reviewer routine. Let me gather all pipeline state in parallel.
2026-06-12T13:53:57.801Z | 18s | Reading: 3-dev-report.md | Starting the Reviewer routine. Let me gather all pipeline state in parallel.
2026-06-12T13:54:00.088Z | 20s | Reading: 4-test-report.md | Starting the Reviewer routine. Let me gather all pipeline state in parallel.
2026-06-12T13:54:03.908Z | 24s | working | me check the current state of the project repo and run independent verification.
2026-06-12T13:54:03.909Z | 24s | Running command: routine-team-reviewer && git log --oneline -10 | me check the current state of the project repo and run independent verification.
2026-06-12T13:54:07.130Z | 27s | Running command: routine-team-reviewer && git branch -a | me check the current state of the project repo and run independent verification.
2026-06-12T13:54:10.227Z | 30s | Running command: null | me check the current state of the project repo and run independent verification.
2026-06-12T13:54:13.806Z | 34s | working | ification in parallel: site health, test suites, and production endpoint checks.
2026-06-12T13:54:13.807Z | 34s | Running command: null | ification in parallel: site health, test suites, and production endpoint checks.
2026-06-12T13:54:16.619Z | 37s | Running command: null | ification in parallel: site health, test suites, and production endpoint checks.
2026-06-12T13:54:20.605Z | 41s | Running command:  -v --tb=short 2>&1 | tail -30 | ification in parallel: site health, test suites, and production endpoint checks.
2026-06-12T13:54:24.629Z | 45s | Running command:  -v --tb=short 2>&1 | tail -40 | ification in parallel: site health, test suites, and production endpoint checks.
2026-06-12T13:54:46.615Z | 1m 7s | working | s.90/90 pytest green. Now let me run an independent production E2E verification.
2026-06-12T13:54:46.656Z | 1m 7s | Running command: null)" | s.90/90 pytest green. Now let me run an independent production E2E verification.
2026-06-12T13:54:56.535Z | 1m 17s | working | 0. The Developer's report claiming it's fixed is inaccurate. Let me investigate.
2026-06-12T13:54:56.537Z | 1m 17s | Running command: json' -d "{\"email\":\"diag-$(date +%s)@test.com\",\"password\":\"Test1234!\",\"name\":\"diag\"}" | python3 -c 'import sys,json;print(json.load(sys.stdin)["token"])')" 2>&1 | head -200 | 0. The Developer's report claiming it's fixed is inaccurate. Let me investigate.
2026-06-12T13:55:00.453Z | 1m 21s | Running command: null || echo "gh not available or no access" | 0. The Developer's report claiming it's fixed is inaccurate. Let me investigate.
2026-06-12T13:55:05.931Z | 1m 26s | working | lly. But still 500. Let me check the actual runtime error and the deployed code.
2026-06-12T13:55:05.932Z | 1m 26s | Running command: az containerapp logs show --name agent-default --resource-group rg-ai-instructor --tail 50 2>&1 | grep -E "(journey|next|Error|500|Traceback|error)" | tail -30 | lly. But still 500. Let me check the actual runtime error and the deployed code.
2026-06-12T13:55:09.485Z | 1m 30s | Running command: az containerapp logs show --name agent-default --resource-group rg-ai-instructor --tail 100 2>&1 | tail -40 | lly. But still 500. Let me check the actual runtime error and the deployed code.
2026-06-12T13:55:14.256Z | 1m 34s | Running command: handler.py | head -20 | lly. But still 500. Let me check the actual runtime error and the deployed code.
2026-06-12T13:55:18.281Z | 1m 38s | Running command: migrate" 2>&1 | lly. But still 500. Let me check the actual runtime error and the deployed code.
2026-06-12T13:55:24.577Z | 1m 45s | Running command: next" \
  -H "Authorization: Bearer $TOKEN" 2>&1 | lly. But still 500. Let me check the actual runtime error and the deployed code.
2026-06-12T13:55:28.845Z | 1m 49s | Running command: handler.py | head -170 | lly. But still 500. Let me check the actual runtime error and the deployed code.
2026-06-12T13:55:31.772Z | 1m 52s | Reading: handler.py | lly. But still 500. Let me check the actual runtime error and the deployed code.
2026-06-12T13:55:35.168Z | 1m 55s | working | the repo. Let me check if the container image was actually built with this code.
2026-06-12T13:55:35.169Z | 1m 55s | Running command: routine-team-reviewer && gh run view 27418818774 2>&1 | head -30 | the repo. Let me check if the container image was actually built with this code.
2026-06-12T13:55:42.843Z | 2m 3s | Running command: routine-team-reviewer && gh run view --job=81038610384 --log 2>&1 | grep -E "(image|tag|revision|deploy|az containerapp)" | tail -20 | the repo. Let me check if the container image was actually built with this code.
2026-06-12T13:55:49.395Z | 2m 10s | Running command: deploy-azure.yml | head -80 | the repo. Let me check if the container image was actually built with this code.
2026-06-12T13:55:53.277Z | 2m 13s | Reading: deploy-azure.yml | the repo. Let me check if the container image was actually built with this code.
2026-06-12T13:55:57.186Z | 2m 17s | Running command: routine-team-reviewer && gh run view --job=81038610384 --log 2>&1 | grep -E "(Backend:|Frontend:|Migration:|image|sha|commit)" | tail -20 | the repo. Let me check if the container image was actually built with this code.
2026-06-12T13:56:08.084Z | 2m 28s | working | e check if the container is running the new revision and inspect the Dockerfile.
2026-06-12T13:56:08.085Z | 2m 28s | Running command: routine-team-reviewer && cat Dockerfile | e check if the container is running the new revision and inspect the Dockerfile.
2026-06-12T13:56:15.151Z | 2m 35s | Running command: next" \
  -H "Authorization: Bearer $TOKEN" 2>&1 | e check if the container is running the new revision and inspect the Dockerfile.
2026-06-12T13:56:20.270Z | 2m 40s | Running command: main.py | head -20 | e check if the container is running the new revision and inspect the Dockerfile.
2026-06-12T13:56:24.228Z | 2m 44s | Reading: main.py | e check if the container is running the new revision and inspect the Dockerfile.
2026-06-12T13:56:28.352Z | 2m 49s | Running command: main.py | head -20 | e check if the container is running the new revision and inspect the Dockerfile.
2026-06-12T13:56:32.570Z | 2m 53s | Reading: main.py | e check if the container is running the new revision and inspect the Dockerfile.
2026-06-12T13:56:36.090Z | 2m 56s | Running command: null | e check if the container is running the new revision and inspect the Dockerfile.
2026-06-12T13:56:40.833Z | 3m 1s | Reading: response.py | e check if the container is running the new revision and inspect the Dockerfile.
2026-06-12T13:56:46.920Z | 3m 7s | Running command: lambda')

# Import just to check for import errors
try:
    from journey.handler import handler as journey_handler
    print('journey handler imported OK')
    
    from cognitive.policy import decide_mode, select_target_dimension, select_depth
    print('policy imported OK')
    
    from cognitive.agent import generate_card_set, update_dimensions_from_outcomes, build_reflection
    print('agent imported OK')
    
    from cognitive.card_banks import DIMENSION_CONFIG
    print('card_banks imported OK')
    print('Dimensions:', list(DIMENSION_CONFIG.keys()))
    
except Exception as e:
    print(f'IMPORT ERROR: {e}')
    import traceback
    traceback.print_exc()
" 2>&1 | e check if the container is running the new revision and inspect the Dockerfile.
2026-06-12T13:56:50.808Z | 3m 11s | Running command: handler.py | e check if the container is running the new revision and inspect the Dockerfile.
2026-06-12T13:56:59.249Z | 3m 19s | Running command: lambda')

from cognitive.agent import _empty_dimensions, generate_card_set
from cognitive.policy import decide_mode, select_target_dimension, select_depth, compute_preserve_dimensions, DIMENSION_KEYS

dims = _empty_dimensions()
print('Empty dims:', json.dumps({k: dims[k] for k in list(dims.keys())[:2]}, indent=2))

# Test the core logic
reward_state = {
    'user_id': 'test',
    'weights': {k: 0.5 for k in DIMENSION_KEYS},
    'confidence_vector': {k: 0.23 for k in DIMENSION_KEYS},
    'total_interactions': 0,
    'exploration_queue': [],
    'preserve_target': None,
}

mode_decision = decide_mode(dims, reward_state)
print('Mode decision:', mode_decision)

target_decision = select_target_dimension(mode_decision['mode'], dims, reward_state)
print('Target decision:', target_decision)

depth = select_depth(target_decision['target'], dims)
print('Depth:', depth)

preserve = compute_preserve_dimensions(dims)
print('Preserve:', json.dumps({k: v for k, v in preserve.items() if v}, indent=2))

card_set = generate_card_set(target_decision['target'], depth)
print('Card set keys:', list(card_set.keys()))
print('Cards:', len(card_set.get('cards', [])))
print('agent_prompt_id type:', type(card_set.get('agent_prompt_id')))
print('session_id type:', type(card_set.get('session_id')))
" 2>&1 | e check if the container is running the new revision and inspect the Dockerfile.
2026-06-12T13:57:04.160Z | 3m 24s | Running command: db.py | e check if the container is running the new revision and inspect the Dockerfile.
2026-06-12T13:57:17.971Z | 3m 38s | Running command: handler.py | e check if the container is running the new revision and inspect the Dockerfile.
2026-06-12T13:57:27.799Z | 3m 48s | Running command: next" \
  -H "Authorization: Bearer $TOKEN")
echo "Next: $NEXT" | e check if the container is running the new revision and inspect the Dockerfile.
2026-06-12T13:57:33.947Z | 3m 54s | Running command: handler.py | grep -c "::uuid" | e check if the container is running the new revision and inspect the Dockerfile.
2026-06-12T13:57:53.609Z | 4m 14s | Running command: __init__.py 2>&1 | e check if the container is running the new revision and inspect the Dockerfile.
2026-06-12T13:58:00.529Z | 4m 21s | Running command: logs?api-version=2024-03-01" \
    -H "Authorization: Bearer $TOKEN" 2>&1 | head -50
fi | e check if the container is running the new revision and inspect the Dockerfile.
2026-06-12T13:58:08.873Z | 4m 29s | Running command: next" \
  -H "Authorization: Bearer $TOKEN")
echo "No profile: $RESULT" | e check if the container is running the new revision and inspect the Dockerfile.
2026-06-12T13:58:29.901Z | 4m 50s | Running command: summary" -H "Authorization: Bearer $TOKEN")
echo "Summary (no profile): $SUMM" | e check if the container is running the new revision and inspect the Dockerfile.
2026-06-12T13:58:35.359Z | 4m 56s | Running command: main.py | e check if the container is running the new revision and inspect the Dockerfile.
2026-06-12T13:58:40.943Z | 5m 1s | Running command: json" \
  -H "Authorization: Bearer $TOKEN" \
  -d '{}')
echo "With empty JSON body: $RESULT" | e check if the container is running the new revision and inspect the Dockerfile.
2026-06-12T13:58:59.391Z | 5m 20s | Running command: null | e check if the container is running the new revision and inspect the Dockerfile.
2026-06-12T13:59:21.995Z | 5m 42s | working | e: application/json` header on POST requests. Now let me test Law 3 enforcement.
2026-06-12T13:59:21.997Z | 5m 42s | Running command: null
else
  echo "Creative ($CREATIVE_MID) not above 0.6 - need more boosting"
fi | e: application/json` header on POST requests. Now let me test Law 3 enforcement.
2026-06-12T13:59:41.625Z | 6m 2s | working |  verify the Law 3 score magnitude issue the Tester found, and save all evidence.
2026-06-12T13:59:41.626Z | 6m 2s | Running command: null)" |  verify the Law 3 score magnitude issue the Tester found, and save all evidence.
2026-06-12T13:59:49.361Z | 6m 10s | working |  evidence.All verification complete. Let me save evidence and write the reports.
2026-06-12T13:59:49.362Z | 6m 10s | Running command: evidence |  evidence.All verification complete. Let me save evidence and write the reports.
2026-06-12T14:00:03.164Z | 6m 23s | Writing: production-e2e.log |  evidence.All verification complete. Let me save evidence and write the reports.
2026-06-12T14:00:16.573Z | 6m 37s | Writing: report.md |  evidence.All verification complete. Let me save evidence and write the reports.
2026-06-12T14:00:41.152Z | 7m 1s | Writing: reviewer-report.md |  evidence.All verification complete. Let me save evidence and write the reports.
2026-06-12T14:00:44.744Z | 7m 5s | Reading: reviewer-report.md |  evidence.All verification complete. Let me save evidence and write the reports.
2026-06-12T14:01:02.666Z | 7m 23s | Writing: reviewer-report.md |  evidence.All verification complete. Let me save evidence and write the reports.
2026-06-12T14:01:05.769Z | 7m 26s | working | lete. Let me save evidence and write the reports.Now commit and push both repos.
2026-06-12T14:01:05.770Z | 7m 26s | Running command: routines-repo && git add -A && git status | lete. Let me save evidence and write the reports.Now commit and push both repos.
2026-06-12T14:01:11.652Z | 7m 32s | Running command: 10 vitest — zero regressions
- Branches identical, no merge needed" && git push | lete. Let me save evidence and write the reports.Now commit and push both repos.
2026-06-12T14:01:19.502Z | 7m 40s | Running command: routine-team-reviewer && git status | lete. Let me save evidence and write the reports.Now commit and push both repos.
2026-06-12T14:01:28.474Z | 7m 49s | working | k**: Profile page, ReflectionCard, or ChallengePlayer expansion (3→9 card types)

---
Run completed at 2026-06-12T14:01:28.793Z | Duration: 7m 49s
