2026-06-12T13:26:17.896Z | 9s | working | P0 production bug. Let me start by gathering context and implementing the fixes.
2026-06-12T13:26:17.932Z | 9s | TaskCreate | P0 production bug. Let me start by gathering context and implementing the fixes.
2026-06-12T13:26:24.651Z | 15s | Running command: null && echo "--- routines repo exists ---" || echo "--- no routines repo ---" | P0 production bug. Let me start by gathering context and implementing the fixes.
2026-06-12T13:26:28.078Z | 19s | working | ng the fixes.Good, both repos exist. Let me read the key files I need to modify.
2026-06-12T13:26:28.079Z | 19s | Reading: handler.py | ng the fixes.Good, both repos exist. Let me read the key files I need to modify.
2026-06-12T13:26:28.466Z | 19s | Reading: handler.py | ng the fixes.Good, both repos exist. Let me read the key files I need to modify.
2026-06-12T13:26:28.762Z | 19s | Reading: handler.py | ng the fixes.Good, both repos exist. Let me read the key files I need to modify.
2026-06-12T13:26:31.601Z | 22s | working |  the existing test file and the card_interactions table definition more closely:
2026-06-12T13:26:31.602Z | 22s | Reading: test_journey.py |  the existing test file and the card_interactions table definition more closely:
2026-06-12T13:26:32.652Z | 23s | Running command: routine-team-developer && git branch --show-current && git log --oneline -3 |  the existing test file and the card_interactions table definition more closely:
2026-06-12T13:26:36.623Z | 27s | working | ions` table schema in migration to understand the `agent_prompt_id` column type:
2026-06-12T13:26:36.624Z | 27s | Reading: conftest.py | ions` table schema in migration to understand the `agent_prompt_id` column type:
2026-06-12T13:26:38.375Z | 29s | Running command:  -v --tb=short 2>&1 | tail -30 | ions` table schema in migration to understand the `agent_prompt_id` column type:
2026-06-12T13:26:42.483Z | 33s | Running command:  -v --tb=short 2>&1 | tail -40 | ions` table schema in migration to understand the `agent_prompt_id` column type:
2026-06-12T13:26:55.224Z | 46s | working | gnostic logging to `_handle_next()`
5. Add targeted tests
6. Run full test suite
2026-06-12T13:26:55.266Z | 46s | Editing: handler.py | gnostic logging to `_handle_next()`
5. Add targeted tests
6. Run full test suite
2026-06-12T13:27:00.586Z | 51s | working | teNow fix `journey/handler.py` — add diagnostic logging and explicit type casts:
2026-06-12T13:27:00.588Z | 51s | Editing: handler.py | teNow fix `journey/handler.py` — add diagnostic logging and explicit type casts:
2026-06-12T13:27:29.263Z | 1m 20s | working |  fix the `_handle_next` function — add logging and fix the agent_prompts INSERT:
2026-06-12T13:27:29.303Z | 1m 20s | Editing: handler.py |  fix the `_handle_next` function — add logging and fix the agent_prompts INSERT:
2026-06-12T13:27:36.912Z | 1m 28s | working |  the agent_prompts INSERT:Now fix `_handle_outcomes` — card_interactions INSERT:
2026-06-12T13:27:36.914Z | 1m 28s | Editing: handler.py |  the agent_prompts INSERT:Now fix `_handle_outcomes` — card_interactions INSERT:
2026-06-12T13:27:41.365Z | 1m 32s | working |  — card_interactions INSERT:Fix cognitive_profiles UPDATE in `_handle_outcomes`:
2026-06-12T13:27:41.400Z | 1m 32s | Editing: handler.py |  — card_interactions INSERT:Fix cognitive_profiles UPDATE in `_handle_outcomes`:
2026-06-12T13:27:47.628Z | 1m 38s | working | ive_profiles UPDATE in `_handle_outcomes`:Now fix `_update_reward_state` UPDATE:
2026-06-12T13:27:47.629Z | 1m 38s | Editing: handler.py | ive_profiles UPDATE in `_handle_outcomes`:Now fix `_update_reward_state` UPDATE:
2026-06-12T13:27:51.778Z | 1m 42s | working | te_reward_state` UPDATE:Now fix `_handle_discovery` — cognitive_profiles INSERT:
2026-06-12T13:27:51.779Z | 1m 42s | Editing: handler.py | te_reward_state` UPDATE:Now fix `_handle_discovery` — cognitive_profiles INSERT:
2026-06-12T13:27:58.513Z | 1m 49s | working |  — cognitive_profiles INSERT:Now fix `cognitive/handler.py` — same cast pattern:
2026-06-12T13:27:58.551Z | 1m 49s | Editing: handler.py |  — cognitive_profiles INSERT:Now fix `cognitive/handler.py` — same cast pattern:
2026-06-12T13:28:01.070Z | 1m 52s | working | ler.py` — same cast pattern:Now add the two targeted tests from the design plan:
2026-06-12T13:28:01.071Z | 1m 52s | Reading: test_journey.py | ler.py` — same cast pattern:Now add the two targeted tests from the design plan:
2026-06-12T13:28:20.090Z | 2m 11s | Editing: test_journey.py | ler.py` — same cast pattern:Now add the two targeted tests from the design plan:
2026-06-12T13:28:23.592Z | 2m 14s | working | ts from the design plan:Now run the full test suite to verify everything passes:
2026-06-12T13:28:23.593Z | 2m 14s | Running command:  -v --tb=short 2>&1 | ts from the design plan:Now run the full test suite to verify everything passes:
2026-06-12T13:28:32.801Z | 2m 23s | working | inal + 2 new). Zero regressions. Now let me commit, push, and verify production.
2026-06-12T13:28:32.802Z | 2m 23s | Running command: health 2>&1 | head -5 | inal + 2 new). Zero regressions. Now let me commit, push, and verify production.
2026-06-12T13:28:33.493Z | 2m 24s | Running command: routine-team-developer && git diff --stat | inal + 2 new). Zero regressions. Now let me commit, push, and verify production.
2026-06-12T13:28:41.992Z | 2m 33s | working | ow let me commit, push, and verify production.API is up. Let me commit and push:
2026-06-12T13:28:41.992Z | 2m 33s | Running command: handler.py INSERT
- Add ALTER TABLE for missing preserve_target column in reward_function_state
- Add DO block to migrate card_interactions.agent_prompt_id from VARCHAR to UUID
- Add diagnostic print() logging to _handle_next() steps 1-7
- Add 2 new integration tests: test_next_with_initialized_profile_full_flow,
  test_outcomes_law3_full_chain
- All 90 pytest tests passing (88 existing + 2 new), 0 regressions" --no-gpg-sign 2>&1 | ow let me commit, push, and verify production.API is up. Let me commit and push:
2026-06-12T13:28:56.489Z | 2m 47s | Running command: handler.py INSERT
- Add ALTER TABLE for missing preserve_target column in reward_function_state
- Add DO block to migrate card_interactions.agent_prompt_id from VARCHAR to UUID
- Add diagnostic print() logging to _handle_next() steps 1-7
- Add 2 new integration tests: test_next_with_initialized_profile_full_flow,
  test_outcomes_law3_full_chain
- All 90 pytest tests passing (88 existing + 2 new), 0 regressions" --no-gpg-sign 2>&1 | ow let me commit, push, and verify production.API is up. Let me commit and push:
2026-06-12T13:29:00.022Z | 2m 51s | Running command: routine-team-developer && git push origin routine-team-ai 2>&1 | ow let me commit, push, and verify production.API is up. Let me commit and push:
2026-06-12T13:29:04.978Z | 2m 56s | working | . Now deploy and run migration. Let me build and deploy to Azure Container Apps:
2026-06-12T13:29:04.979Z | 2m 56s | Running command: az account show --query "{subscriptionId:id, name:name}" -o json 2>&1 | head -5 | . Now deploy and run migration. Let me build and deploy to Azure Container Apps:
2026-06-12T13:29:10.170Z | 3m 1s | working | pps:No Azure CLI available. Let me check if there's a deploy workflow or script:
2026-06-12T13:29:10.171Z | 3m 1s | Running command: null | head -30 | pps:No Azure CLI available. Let me check if there's a deploy workflow or script:
2026-06-12T13:29:16.431Z | 3m 7s | working | riggers on `azure-deploy` branch. Let me trigger it manually or deploy directly:
2026-06-12T13:29:16.432Z | 3m 7s | Running command: null | riggers on `azure-deploy` branch. Let me trigger it manually or deploy directly:
2026-06-12T13:29:20.449Z | 3m 11s | working | tch`. Let me merge `routine-team-ai` into `azure-deploy` and trigger the deploy:
2026-06-12T13:29:20.451Z | 3m 11s | Running command: azure-deploy -3 2>&1 | tch`. Let me merge `routine-team-ai` into `azure-deploy` and trigger the deploy:
2026-06-12T13:29:24.220Z | 3m 15s | Running command: routine-team-developer && git branch -r | head -20 | tch`. Let me merge `routine-team-ai` into `azure-deploy` and trigger the deploy:
2026-06-12T13:29:27.903Z | 3m 19s | working | ch doesn't exist remotely. Let me check if the deploy workflow exists on `main`:
2026-06-12T13:29:27.941Z | 3m 19s | Running command: main -5 | ch doesn't exist remotely. Let me check if the deploy workflow exists on `main`:
2026-06-12T13:29:31.543Z | 3m 22s | Running command: routine-team-developer && gh workflow run deploy-azure.yml --ref main 2>&1 || echo "--- trying list ---" && gh workflow list 2>&1 | ch doesn't exist remotely. Let me check if the deploy workflow exists on `main`:
2026-06-12T13:29:39.273Z | 3m 30s | working | ed to main first, or push an `azure-deploy` branch. Let me merge my fix to main:
2026-06-12T13:29:39.274Z | 3m 30s | Running command: routine-team-developer && git checkout main && git pull origin main 2>&1 | ed to main first, or push an `azure-deploy` branch. Let me merge my fix to main:
2026-06-12T13:29:54.762Z | 3m 45s | working | . I need to merge `routine-team-ai` (with the fixes) into `main` for deployment:
2026-06-12T13:29:54.762Z | 3m 45s | Running command: routine-team-developer && git merge routine-team-ai --no-edit 2>&1 | . I need to merge `routine-team-ai` (with the fixes) into `main` for deployment:
2026-06-12T13:29:59.174Z | 3m 50s | Running command: routine-team-developer && git push origin main 2>&1 | . I need to merge `routine-team-ai` (with the fixes) into `main` for deployment:
2026-06-12T13:30:06.704Z | 3m 57s | working | el the previous stale workflow run (it was on old main) and trigger a fresh one:
2026-06-12T13:30:06.742Z | 3m 57s | Running command: routine-team-developer && gh run cancel 27418785557 2>&1; gh workflow run deploy-azure.yml --ref main 2>&1 | el the previous stale workflow run (it was on old main) and trigger a fresh one:
2026-06-12T13:30:13.997Z | 4m 5s | working | Now let me write the evidence, dev report, and run report while the deploy runs:
2026-06-12T13:30:14.001Z | 4m 5s | Running command: evidence | Now let me write the evidence, dev report, and run report while the deploy runs:
2026-06-12T13:30:18.277Z | 4m 9s | Running command: pytest-output.txt) lines" | Now let me write the evidence, dev report, and run report while the deploy runs:
2026-06-12T13:30:25.161Z | 4m 16s | Running command: diff-stat.txt | Now let me write the evidence, dev report, and run report while the deploy runs:
2026-06-12T13:30:51.574Z | 4m 42s | working | ence, dev report, and run report while the deploy runs:Now write the dev report:
2026-06-12T13:30:51.611Z | 4m 42s | Writing: 3-dev-report.md | ence, dev report, and run report while the deploy runs:Now write the dev report:
2026-06-12T13:30:55.536Z | 4m 46s | Running command: 3-dev-report.md 2>&1 || echo "File does not exist" | ence, dev report, and run report while the deploy runs:Now write the dev report:
2026-06-12T13:30:58.283Z | 4m 49s | Reading: 3-dev-report.md | ence, dev report, and run report while the deploy runs:Now write the dev report:
2026-06-12T13:31:18.247Z | 5m 9s | working | eploy runs:Now write the dev report:Now I can overwrite with the updated report:
2026-06-12T13:31:18.283Z | 5m 9s | Writing: 3-dev-report.md | eploy runs:Now write the dev report:Now I can overwrite with the updated report:
2026-06-12T13:31:22.246Z | 5m 13s | working | dev report:Now I can overwrite with the updated report:Now write the run report:
2026-06-12T13:31:22.247Z | 5m 13s | Running command: report.md 2>&1 || echo "Not exists" | dev report:Now I can overwrite with the updated report:Now write the run report:
2026-06-12T13:31:44.960Z | 5m 36s | Writing: report.md | dev report:Now I can overwrite with the updated report:Now write the run report:
2026-06-12T13:31:47.890Z | 5m 38s | working | e updated report:Now write the run report:Now commit and push the routines repo:
2026-06-12T13:31:47.891Z | 5m 38s | Running command: routines-repo && git add -A && git status 2>&1 | e updated report:Now write the run report:Now commit and push the routines repo:
2026-06-12T13:31:52.566Z | 5m 43s | Running command: next 500 — SQL type casts + migration + tests (90 pass)" --no-gpg-sign 2>&1 | e updated report:Now write the run report:Now commit and push the routines repo:
2026-06-12T13:31:55.670Z | 5m 46s | Running command: routines-repo && git push origin master 2>&1 | e updated report:Now write the run report:Now commit and push the routines repo:
2026-06-12T13:32:02.903Z | 5m 54s | working | sh the routines repo:Both repos pushed. Let me check the deploy workflow status:
2026-06-12T13:32:02.904Z | 5m 54s | Running command: {j[\"conclusion\"]}') for j in d.get('jobs',[])]" | sh the routines repo:Both repos pushed. Let me check the deploy workflow status:
2026-06-12T13:32:08.252Z | 5m 59s | working | fy my code changes are correct by reading the final state of the modified files:
2026-06-12T13:32:08.289Z | 5m 59s | Reading: handler.py | fy my code changes are correct by reading the final state of the modified files:
2026-06-12T13:32:11.993Z | 6m 3s | working | es:Good, the casts are in place. Let me check the critical agent_prompts INSERT:
2026-06-12T13:32:11.995Z | 6m 3s | Reading: handler.py | es:Good, the casts are in place. Let me check the critical agent_prompts INSERT:
2026-06-12T13:32:19.402Z | 6m 10s | working | itical agent_prompts INSERT:All casts look correct. Now let me check the deploy:
2026-06-12T13:32:19.437Z | 6m 10s | Running command: routine-team-developer && gh run view 27418818774 --json status,conclusion 2>&1 | python3 -c "import sys,json; d=json.load(sys.stdin); print(f'Status: {d[\"status\"]}, Conclusion: {d.get(\"conclusion\",\"pending\")}')" | itical agent_prompts INSERT:All casts look correct. Now let me check the deploy:
2026-06-12T13:32:25.087Z | 6m 16s | working | he deploy:Still running. Docker builds take a few minutes. Let me wait and poll:
2026-06-12T13:32:25.088Z | 6m 16s | Running command: routine-team-developer && gh run view 27418818774 --json status,conclusion 2>&1 | python3 -c "import sys,json; d=json.load(sys.stdin); print(f'Status: {d[\"status\"]}, Conclusion: {d.get(\"conclusion\",\"pending\")}')" | he deploy:Still running. Docker builds take a few minutes. Let me wait and poll:
2026-06-12T13:33:30.460Z | 7m 21s | Running command: routine-team-developer && gh run view 27418818774 --json status,conclusion 2>&1 | python3 -c "import sys,json; d=json.load(sys.stdin); print(f'Status: {d[\"status\"]}, Conclusion: {d.get(\"conclusion\",\"pending\")}')" | he deploy:Still running. Docker builds take a few minutes. Let me wait and poll:
2026-06-12T13:35:05.471Z | 8m 56s | working | inutes. Let me wait and poll:Deploy succeeded! Now run the migration and verify:
2026-06-12T13:35:05.473Z | 8m 56s | Running command: migrate 2>&1 | inutes. Let me wait and poll:Deploy succeeded! Now run the migration and verify:
2026-06-12T13:35:18.801Z | 9m 9s | working | ion complete. Now verify the P0 fix — the critical `/api/journey/next` endpoint:
2026-06-12T13:35:18.837Z | 9m 9s | Running command: json" \
  -H "Authorization: Bearer $TOKEN" \
  -d '{"responses":[
    {"dimension":"creative","option_selected":1,"option_path":"without_ai"},
    {"dimension":"strategic","option_selected":2,"option_path":"human_leads"},
    {"dimension":"analytical","option_selected":3,"option_path":"full_outsource"},
    {"dimension":"operational","option_selected":4,"option_path":"ai_heavy"},
    {"dimension":"communication","option_selected":1,"option_path":"without_ai"},
    {"dimension":"detail","option_selected":2,"option_path":"human_leads"},
    {"dimension":"empathetic","option_selected":1,"option_path":"without_ai"},
    {"dimension":"technical","option_selected":4,"option_path":"ai_heavy"}
  ]}')
echo "Discovery: $DISCOVERY_RESP" | head -c 200
echo "" | ion complete. Now verify the P0 fix — the critical `/api/journey/next` endpoint:
2026-06-12T13:35:28.128Z | 9m 19s | working | l `/api/journey/next` endpoint:Now the critical test — `POST /api/journey/next`:
2026-06-12T13:35:28.130Z | 9m 19s | Running command: null || echo "$BODY" | l `/api/journey/next` endpoint:Now the critical test — `POST /api/journey/next`:
2026-06-12T13:35:43.600Z | 9m 34s | working | - `target_dimensions` + `preserve_dimensions` ✅

Now test the outcomes endpoint:
2026-06-12T13:35:43.601Z | 9m 34s | Running command: null || echo "$BODY" | - `target_dimensions` + `preserve_dimensions` ✅

Now test the outcomes endpoint:
2026-06-12T13:35:54.036Z | 9m 45s | working | omes also returning **200**. Now get a second challenge to verify the full loop:
2026-06-12T13:35:54.076Z | 9m 45s | Running command: null | omes also returning **200**. Now get a second challenge to verify the full loop:
2026-06-12T13:36:11.343Z | 10m 2s | working | nication` instead of `analytical`). Let me save evidence and update the reports:
2026-06-12T13:36:11.383Z | 10m 2s | Running command: health-check.json
echo "--- Health check saved ---" | nication` instead of `analytical`). Let me save evidence and update the reports:
2026-06-12T13:36:15.381Z | 10m 6s | working | vidence and update the reports:Now update the reports with verification results:
2026-06-12T13:36:15.384Z | 10m 6s | Reading: 3-dev-report.md | vidence and update the reports:Now update the reports with verification results:
2026-06-12T13:36:27.460Z | 10m 18s | Editing: 3-dev-report.md | vidence and update the reports:Now update the reports with verification results:
2026-06-12T13:36:33.441Z | 10m 24s | Editing: 3-dev-report.md | vidence and update the reports:Now update the reports with verification results:
2026-06-12T13:36:37.407Z | 10m 28s | working | pdate the reports with verification results:Now commit and push updated reports:
2026-06-12T13:36:37.407Z | 10m 28s | Running command: next 200, full E2E loop confirmed" --no-gpg-sign && git push origin master 2>&1 | pdate the reports with verification results:Now commit and push updated reports:
2026-06-12T13:36:49.561Z | 10m 40s | working | -to-end in production
4. Law 3 enforcement chain (score drop + preserve message)

---
Run completed at 2026-06-12T13:36:50.011Z | Duration: 10m 41s
