2026-06-12T10:27:25.657Z | 8s | working | veloper routine. Let me start by gathering context and setting up the workspace.
2026-06-12T10:27:25.701Z | 8s | TaskCreate | veloper routine. Let me start by gathering context and setting up the workspace.
2026-06-12T10:27:34.100Z | 16s | Running command: null; echo "dirs ready" | veloper routine. Let me start by gathering context and setting up the workspace.
2026-06-12T10:27:37.641Z | 20s | Running command: null && echo "--- repo exists ---" || echo "--- repo NOT found ---" | veloper routine. Let me start by gathering context and setting up the workspace.
2026-06-12T10:27:40.752Z | 23s | Running command: routine-team-developer && git branch --show-current && git log --oneline -5 | veloper routine. Let me start by gathering context and setting up the workspace.
2026-06-12T10:27:45.569Z | 28s | working | xisting implementation to understand what's already done vs what's still needed.
2026-06-12T10:27:45.571Z | 28s | Running command | xisting implementation to understand what's already done vs what's still needed.
2026-06-12T10:27:50.311Z | 32s | working | .py`, `ingestion.py`) already exist. Let me verify the current state thoroughly.
2026-06-12T10:27:50.351Z | 32s | Running command:  -v --tb=short 2>&1 | tail -30 | .py`, `ingestion.py`) already exist. Let me verify the current state thoroughly.
2026-06-12T10:27:54.841Z | 37s | Running command:  -v --tb=short 2>&1 | tail -60 | .py`, `ingestion.py`) already exist. Let me verify the current state thoroughly.
2026-06-12T10:28:03.226Z | 45s | working | tually in the implementation and check if there are any gaps vs the design plan.
2026-06-12T10:28:03.227Z | 45s | Reading: policy.py | tually in the implementation and check if there are any gaps vs the design plan.
2026-06-12T10:28:07.267Z | 49s | working | oks complete. Let me verify the rest of the implementation files systematically.
2026-06-12T10:28:07.268Z | 49s | Reading: ingestion.py | oks complete. Let me verify the rest of the implementation files systematically.
2026-06-12T10:28:10.457Z | 52s | Reading: agent.py | oks complete. Let me verify the rest of the implementation files systematically.
2026-06-12T10:28:13.377Z | 55s | Reading: card_banks.py | oks complete. Let me verify the rest of the implementation files systematically.
2026-06-12T10:28:17.320Z | 59s | working | me check the journey handler and cognitive handler for the refactored endpoints:
2026-06-12T10:28:17.321Z | 59s | Reading: handler.py | me check the journey handler and cognitive handler for the refactored endpoints:
2026-06-12T10:28:20.871Z | 1m 3s | Reading: handler.py | me check the journey handler and cognitive handler for the refactored endpoints:
2026-06-12T10:28:25.600Z | 1m 8s | working | er for the refactored endpoints:Now let me check the migration file and main.py:
2026-06-12T10:28:25.604Z | 1m 8s | Running command: handler.py | er for the refactored endpoints:Now let me check the migration file and main.py:
2026-06-12T10:28:29.484Z | 1m 11s | Running command: main.py | er for the refactored endpoints:Now let me check the migration file and main.py:
2026-06-12T10:28:44.839Z | 1m 27s | working |  for every specified scenario, verifying API health, and running frontend tests.
2026-06-12T10:28:44.875Z | 1m 27s | Running command: test_new_endpoints.py 2>&1 |  for every specified scenario, verifying API health, and running frontend tests.
2026-06-12T10:28:48.892Z | 1m 31s | Running command:  -v --tb=short 2>&1 | head -100 |  for every specified scenario, verifying API health, and running frontend tests.
2026-06-12T10:29:13.488Z | 1m 55s | working | , all passing.** Let me cross-check against the design plan's test requirements:
2026-06-12T10:29:13.527Z | 1m 56s | Delegating task | , all passing.** Let me cross-check against the design plan's test requirements:
2026-06-12T10:29:41.641Z | 2m 24s | working | ests ARE present. Let me verify manually and continue with the remaining checks:
2026-06-12T10:29:41.642Z | 2m 24s | Running command: health 2>&1 | head -5 | ests ARE present. Let me verify manually and continue with the remaining checks:
2026-06-12T10:29:44.791Z | 2m 27s | Running command: routine-team-developer && npm test 2>&1 | tail -20 | ests ARE present. Let me verify manually and continue with the remaining checks:
2026-06-12T10:29:48.703Z | 2m 31s | Running command: routine-team-developer && npm install 2>&1 | tail -5 | ests ARE present. Let me verify manually and continue with the remaining checks:
2026-06-12T10:29:57.192Z | 2m 39s | Running command: routine-team-developer && npx vitest run 2>&1 | tail -25 | ests ARE present. Let me verify manually and continue with the remaining checks:
2026-06-12T10:30:05.446Z | 2m 47s | working | nment — that's a CI concern. Let me check remaining items and write the reports.
2026-06-12T10:30:05.448Z | 2m 47s | Running command: 4-test-report.md 2>&1 | nment — that's a CI concern. Let me check remaining items and write the reports.
2026-06-12T10:30:09.076Z | 2m 51s | Reading: 4-test-report.md | nment — that's a CI concern. Let me check remaining items and write the reports.
2026-06-12T10:30:20.580Z | 3m 3s | working | ts passing. Let me verify push status and check the new endpoints in production:
2026-06-12T10:30:20.581Z | 3m 3s | Running command: routine-team-developer && git log --oneline -3 && echo "---" && git status --short | ts passing. Let me verify push status and check the new endpoints in production:
2026-06-12T10:30:25.466Z | 3m 7s | Running command: null || echo "remote branch not found" | ts passing. Let me verify push status and check the new endpoints in production:
2026-06-12T10:30:28.721Z | 3m 11s | Running command: null | ts passing. Let me verify push status and check the new endpoints in production:
2026-06-12T10:30:34.518Z | 3m 17s | Running command: routine-team-developer && git push origin routine-team-ai 2>&1 | ts passing. Let me verify push status and check the new endpoints in production:
2026-06-12T10:30:38.902Z | 3m 21s | Running command: routine-team-developer && git pull --rebase origin routine-team-ai 2>&1 | ts passing. Let me verify push status and check the new endpoints in production:
2026-06-12T10:30:42.929Z | 3m 25s | Running command: routine-team-developer && git log --oneline -3 | ts passing. Let me verify push status and check the new endpoints in production:
2026-06-12T10:30:47.001Z | 3m 29s | Running command:  -v --tb=short 2>&1 | tail -15 | ts passing. Let me verify push status and check the new endpoints in production:
2026-06-12T10:30:55.372Z | 3m 37s | working | heck the new endpoints in production:88 tests still pass after rebase. Now push:
2026-06-12T10:30:55.375Z | 3m 37s | Running command: routine-team-developer && git push origin routine-team-ai 2>&1 | heck the new endpoints in production:88 tests still pass after rebase. Now push:
2026-06-12T10:31:01.574Z | 3m 44s | working | cessfully. Now check the production endpoints — they need deployment to go live:
2026-06-12T10:31:01.576Z | 3m 44s | Running command: summary 2>&1 | head -3 | cessfully. Now check the production endpoints — they need deployment to go live:
2026-06-12T10:31:05.269Z | 3m 47s | Running command: health 2>&1 | cessfully. Now check the production endpoints — they need deployment to go live:
2026-06-12T10:31:36.291Z | 4m 18s | working | de is committed and pushed, ready for deployment.

Now let me write the reports:
2026-06-12T10:31:36.334Z | 4m 18s | Writing: 3-dev-report.md | de is committed and pushed, ready for deployment.

Now let me write the reports:
2026-06-12T10:31:39.674Z | 4m 22s | Running command: null || echo "FILE_NOT_FOUND" | de is committed and pushed, ready for deployment.

Now let me write the reports:
2026-06-12T10:31:42.949Z | 4m 25s | Reading: 3-dev-report.md | de is committed and pushed, ready for deployment.

Now let me write the reports:
2026-06-12T10:31:48.954Z | 4m 31s | working |  with the rebased commit and correct the test counts, then write the run report:
2026-06-12T10:31:48.957Z | 4m 31s | Editing: 3-dev-report.md |  with the rebased commit and correct the test counts, then write the run report:
2026-06-12T10:31:52.881Z | 4m 35s | working | and correct the test counts, then write the run report:Now write the run report:
2026-06-12T10:31:52.882Z | 4m 35s | Running command: evidence | and correct the test counts, then write the run report:Now write the run report:
2026-06-12T10:31:56.611Z | 4m 39s | Running command: pytest-full.txt; echo "pytest exit: $?" | and correct the test counts, then write the run report:Now write the run report:
2026-06-12T10:32:06.322Z | 4m 48s | Running command: api-health.txt | and correct the test counts, then write the run report:Now write the run report:
2026-06-12T10:32:31.182Z | 5m 13s | Writing: report.md | and correct the test counts, then write the run report:Now write the run report:
2026-06-12T10:32:34.225Z | 5m 16s | working | en write the run report:Now write the run report:Now commit and push both repos:
2026-06-12T10:32:34.227Z | 5m 16s | Running command: null | en write the run report:Now write the run report:Now commit and push both repos:
2026-06-12T10:32:38.099Z | 5m 20s | Running command: routines-repo && git add -A && git commit -m "developer: verify agent intelligence layer, update dev report with rebased commit hash" && git push 2>&1 | en write the run report:Now write the run report:Now commit and push both repos:
